web/libraries/languagelib.inc.php:    if (isset($_POST['language']) === true &&
web/libraries/languagelib.inc.php:    if (isset($_SESSION['language']) === true)
web/libraries/database.inc.php:            if (isset($errorInfo) === true)
web/libraries/database.inc.php:                if (isset($errorInfo) === true)
web/libraries/database.inc.php:            if (isset($errorInfo) === true)
web/libraries/database.inc.php:                if (isset($errorInfo) === true)
web/libraries/database.inc.php:            if (isset($errorInfo) === true)
web/libraries/database.inc.php:                if (isset($errorInfo) === true)
web/libraries/database.inc.php:            if (isset($errorInfo) === true)
web/libraries/database.inc.php:                if (isset($errorInfo) === true)
web/project_upload.php:if (isset($_SESSION['user_id']) !== true ||
web/project_upload.php:    isset($_POST['project_nr']) !== true)
web/project_upload.php:if (isset($_POST['upload']) !== true)
web/project_upload.php:        if (isset($_FILES['file']) !== true)
web/project_upload.php:        if (isset($xml->in) !== true)
web/project_upload.php:        if (isset($attributes) !== true)
web/project_upload.php:        if (isset($attributes['config']) !== true)
web/language_selector.inc.php:    if (isset($_POST['language']) === true &&
web/language_selector.inc.php:            if (isset($_SESSION['language']) === true)
web/index.php:if (isset($_POST['name']) !== true ||
web/index.php:    isset($_POST['passwort']) !== true)
web/index.php:    if (isset($_POST['install_done']) == true)
web/index.php:        isset($_GET['skipinstall']) != true)
web/project_download.php:if (isset($_SESSION['user_id']) !== true ||
web/project_download.php:    isset($_POST['project_nr']) !== true ||
web/project_download.php:    isset($_POST['format']) !== true)
web/project_download.php:        if (isset($attributes) !== true)
web/project_download.php:        if (isset($attributes['config']) !== true)
web/project_download.php:    if (isset($xml->out) !== true)
web/project_download.php:    if (isset($xml->out->outFile) !== true)
web/project_download.php:    if (isset($xml->out->outFile['path']) !== true)
web/project_generate.php:if (isset($_SESSION['user_id']) !== true ||
web/project_generate.php:    isset($_POST['project_nr']) !== true)
web/project_generate.php:if (isset($_POST['step']) === true)
web/project_generate.php:        if (isset($attributes) !== true)
web/project_generate.php:        if (isset($attributes['config']) !== true)
web/project_generate.php:    if (isset($xml->in->inFile) !== true)
web/project_generate.php:    if (isset($xml->in->inFile['path']) !== true)
web/project_generate.php:    if (isset($xml->out->outFile) !== true)
web/project_generate.php:    if (isset($xml->out->outFile['path']) !== true)
web/project_generate.php:    if (isset($xml->out->outFile) !== true)
web/project_generate.php:    if (isset($xml->out->outFile['path']) !== true)
web/project_generate.php:    if (isset($xml->in->html2epub1['config']) !== true)
web/project_edit.php:if (isset($_SESSION['user_id']) !== true ||
web/project_edit.php:    isset($_POST['project_nr']) !== true)
web/project_edit.php:    isset($_POST['update_metadata']) === true)
web/project_edit.php:        if (isset($attributes) !== true)
web/project_edit.php:        if (isset($attributes['config']) !== true)
web/project_edit.php:    if (isset($xml->in) !== true)
web/project_edit.php:        if (isset($attributes) !== true)
web/project_edit.php:        if (isset($attributes['path']) !== true ||
web/project_edit.php:            isset($attributes['display']) !== true)
web/project_edit.php:        if (isset($attributes) !== true)
web/project_edit.php:        if (isset($attributes['path']) !== true ||
web/project_edit.php:            isset($attributes['display']) !== true)
web/project_edit.php:    if (isset($xml->in) !== true)
web/project_edit.php:    if (isset($xml->in->html2epub1) !== true)
web/project_edit.php:    if (isset($attributes) !== true)
web/project_edit.php:    if (isset($attributes['config']) !== true)
web/project_edit.php:    if (isset($xml->out->metaData) !== true)
web/project_edit.php:    if (isset($xml->out->metaData->title) === true)
web/project_edit.php:    if (isset($_POST['title']) === true)
web/project_edit.php:    if (isset($xml->out->metaData->creator) === true)
web/project_edit.php:    if (isset($_POST['creator']) === true)
web/project_edit.php:    if (isset($xml->out->metaData->subject) === true)
web/project_edit.php:    if (isset($_POST['subject']) === true)
web/project_edit.php:    if (isset($xml->out->metaData->description) === true)
web/project_edit.php:    if (isset($_POST['description']) === true)
web/project_edit.php:    if (isset($xml->out->metaData->publisher) === true)
web/project_edit.php:    if (isset($_POST['publisher']) === true)
web/project_edit.php:    if (isset($xml->out->metaData->contributor) === true)
web/project_edit.php:    if (isset($_POST['contributor']) === true)
web/project_edit.php:    if (isset($xml->out->metaData->identifier) === true)
web/project_edit.php:    if (isset($_POST['identifier']) === true)
web/project_edit.php:    if (isset($xml->out->metaData->source) === true)
web/project_edit.php:    if (isset($_POST['source']) === true)
web/project_edit.php:    if (isset($xml->out->metaData->language) === true)
web/project_edit.php:    if (isset($_POST['language']) === true)
web/project_edit.php:    if (isset($xml->out->metaData->coverage) === true)
web/project_edit.php:    if (isset($_POST['coverage']) === true)
web/project_edit.php:    if (isset($xml->out->metaData->rights) === true)
web/project_edit.php:    if (isset($_POST['rights']) === true)
web/project_edit.php:    if (isset($xml->out->metaData) !== true)
web/project_edit.php:    if (isset($xml->out->metaData->title) === true)
web/project_edit.php:    if (isset($xml->out->metaData->creator) === true)
web/project_edit.php:    if (isset($xml->out->metaData->subject) === true)
web/project_edit.php:    if (isset($xml->out->metaData->description) === true)
web/project_edit.php:    if (isset($xml->out->metaData->publisher) === true)
web/project_edit.php:    if (isset($xml->out->metaData->contributor) === true)
web/project_edit.php:    if (isset($xml->out->metaData->identifier) === true)
web/project_edit.php:    if (isset($xml->out->metaData->source) === true)
web/project_edit.php:    if (isset($xml->out->metaData->language) === true)
web/project_edit.php:    if (isset($xml->out->metaData->coverage) === true)
web/project_edit.php:    if (isset($xml->out->metaData->rights) === true)
web/projects.php:if (isset($_SESSION['user_id']) !== true)
web/projects.php:        if (isset($attributes) !== true)
web/projects.php:        if (isset($attributes['config']) !== true)
web/project_new.php:if (isset($_SESSION['user_id']) !== true)
web/project_new.php:if (isset($_POST['title']) == false)
web/install/install.php:if (isset($_POST['step']) === true)
web/install/install.php:            isset($_POST['retry']) === true)
web/install/install.php:            isset($_POST['init']) === true)
web/install/install.php:if (isset($_GET['stepjump']) === true)
web/install/install.php:    if (isset($_POST['host']) === true)
web/install/install.php:    if (isset($_POST['username']) === true)
web/install/install.php:    if (isset($_POST['password']) === true)
web/install/install.php:    if (isset($_POST['database']) === true)
web/install/install.php:    if (isset($_POST['prefix']) === true)
web/install/install.php:    if (isset($_POST['save']) == false ||
web/install/install.php:    if (isset($_POST['drop_existing_tables']) === true)
web/install/install.php:    if (isset($_POST['keep_existing_tables']) === true)
web/install/install.php:    if (isset($_POST['init']) === true)
